0 info it worked if it ends with ok
1 verbose cli [ 'node', '/usr/local/bin/npm', 'run', 'watch' ]
2 info using npm@3.8.3
3 info using node@v0.12.12
4 verbose node symlink /usr/local/bin/node
5 verbose run-script [ 'prewatch', 'watch', 'postwatch' ]
6 info lifecycle project-webpack@1.0.0~prewatch: project-webpack@1.0.0
7 silly lifecycle project-webpack@1.0.0~prewatch: no script for prewatch, continuing
8 info lifecycle project-webpack@1.0.0~watch: project-webpack@1.0.0
9 verbose lifecycle project-webpack@1.0.0~watch: unsafe-perm in lifecycle true
10 verbose lifecycle project-webpack@1.0.0~watch: PATH: /usr/local/lib/node_modules/npm/bin/node-gyp-bin:/data/project-me/project-webpack/node_modules/.bin:/usr/local/bin:/usr/local/bin:/usr/bin:/bin:/usr/sbin:/sbin
11 verbose lifecycle project-webpack@1.0.0~watch: CWD: /data/project-me/project-webpack
12 silly lifecycle project-webpack@1.0.0~watch: Args: [ '-c',
12 silly lifecycle   'webpack --display-error-details --progress --colors --watch & node server.js' ]
13 silly lifecycle project-webpack@1.0.0~watch: Returned: code: 1  signal: null
14 info lifecycle project-webpack@1.0.0~watch: Failed to exec watch script
15 verbose stack Error: project-webpack@1.0.0 watch: `webpack --display-error-details --progress --colors --watch & node server.js`
15 verbose stack Exit status 1
15 verbose stack     at EventEmitter.<anonymous> (/usr/local/lib/node_modules/npm/lib/utils/lifecycle.js:239:16)
15 verbose stack     at EventEmitter.emit (events.js:110:17)
15 verbose stack     at ChildProcess.<anonymous> (/usr/local/lib/node_modules/npm/lib/utils/spawn.js:24:14)
15 verbose stack     at ChildProcess.emit (events.js:110:17)
15 verbose stack     at maybeClose (child_process.js:1019:16)
15 verbose stack     at Process.ChildProcess._handle.onexit (child_process.js:1091:5)
16 verbose pkgid project-webpack@1.0.0
17 verbose cwd /data/project-me/project-webpack
18 error Darwin 16.0.0
19 error argv "node" "/usr/local/bin/npm" "run" "watch"
20 error node v0.12.12
21 error npm  v3.8.3
22 error code ELIFECYCLE
23 error project-webpack@1.0.0 watch: `webpack --display-error-details --progress --colors --watch & node server.js`
23 error Exit status 1
24 error Failed at the project-webpack@1.0.0 watch script 'webpack --display-error-details --progress --colors --watch & node server.js'.
24 error Make sure you have the latest version of node.js and npm installed.
24 error If you do, this is most likely a problem with the project-webpack package,
24 error not with npm itself.
24 error Tell the author that this fails on your system:
24 error     webpack --display-error-details --progress --colors --watch & node server.js
24 error You can get information on how to open an issue for this project with:
24 error     npm bugs project-webpack
24 error Or if that isn't available, you can get their info via:
24 error     npm owner ls project-webpack
24 error There is likely additional logging output above.
25 verbose exit [ 1, true ]
